c:\users\84251\desktop\c++\graphicscoursework\win32\debug\nclgl.pdb
c:\users\84251\desktop\c++\graphicscoursework\win32\debug\nclgl.idb
c:\users\84251\desktop\c++\graphicscoursework\nclgl\win32\debug\glad.obj
c:\users\84251\desktop\c++\graphicscoursework\nclgl\win32\debug\shader.obj
c:\users\84251\desktop\c++\graphicscoursework\nclgl\win32\debug\scenenode.obj
c:\users\84251\desktop\c++\graphicscoursework\nclgl\win32\debug\quaternion.obj
c:\users\84251\desktop\c++\graphicscoursework\nclgl\win32\debug\plane.obj
c:\users\84251\desktop\c++\graphicscoursework\nclgl\win32\debug\oglrenderer.obj
c:\users\84251\desktop\c++\graphicscoursework\nclgl\win32\debug\mouse.obj
c:\users\84251\desktop\c++\graphicscoursework\nclgl\win32\debug\meshmaterial.obj
c:\users\84251\desktop\c++\graphicscoursework\nclgl\win32\debug\meshanimation.obj
c:\users\84251\desktop\c++\graphicscoursework\nclgl\win32\debug\mesh.obj
c:\users\84251\desktop\c++\graphicscoursework\nclgl\win32\debug\matrix4.obj
c:\users\84251\desktop\c++\graphicscoursework\nclgl\win32\debug\matrix3.obj
c:\users\84251\desktop\c++\graphicscoursework\nclgl\win32\debug\matrix2.obj
c:\users\84251\desktop\c++\graphicscoursework\nclgl\win32\debug\light.obj
c:\users\84251\desktop\c++\graphicscoursework\nclgl\win32\debug\keyboard.obj
c:\users\84251\desktop\c++\graphicscoursework\nclgl\win32\debug\heightmap.obj
c:\users\84251\desktop\c++\graphicscoursework\nclgl\win32\debug\geometrynode.obj
c:\users\84251\desktop\c++\graphicscoursework\nclgl\win32\debug\gametimer.obj
c:\users\84251\desktop\c++\graphicscoursework\nclgl\win32\debug\frustum.obj
c:\users\84251\desktop\c++\graphicscoursework\nclgl\win32\debug\computeshader.obj
c:\users\84251\desktop\c++\graphicscoursework\nclgl\win32\debug\camera.obj
c:\users\84251\desktop\c++\graphicscoursework\nclgl\win32\debug\window.obj
c:\users\84251\desktop\c++\graphicscoursework\win32\debug\nclgl.lib
c:\users\84251\desktop\c++\graphicscoursework\nclgl\win32\debug\nclgl.tlog\cl.command.1.tlog
c:\users\84251\desktop\c++\graphicscoursework\nclgl\win32\debug\nclgl.tlog\cl.read.1.tlog
c:\users\84251\desktop\c++\graphicscoursework\nclgl\win32\debug\nclgl.tlog\cl.write.1.tlog
c:\users\84251\desktop\c++\graphicscoursework\nclgl\win32\debug\nclgl.tlog\lib-link.read.1.tlog
c:\users\84251\desktop\c++\graphicscoursework\nclgl\win32\debug\nclgl.tlog\lib-link.write.1.tlog
c:\users\84251\desktop\c++\graphicscoursework\nclgl\win32\debug\nclgl.tlog\lib.command.1.tlog
