c:\users\84251\desktop\c++\graphicscoursework\x64\debug\nclgl.pdb
c:\users\84251\desktop\c++\graphicscoursework\x64\debug\nclgl.idb
c:\users\84251\desktop\c++\graphicscoursework\nclgl\x64\debug\glad.obj
c:\users\84251\desktop\c++\graphicscoursework\nclgl\x64\debug\scenenode.obj
c:\users\84251\desktop\c++\graphicscoursework\nclgl\x64\debug\quaternion.obj
c:\users\84251\desktop\c++\graphicscoursework\nclgl\x64\debug\plane.obj
c:\users\84251\desktop\c++\graphicscoursework\nclgl\x64\debug\oglrenderer.obj
c:\users\84251\desktop\c++\graphicscoursework\nclgl\x64\debug\objmesh.obj
c:\users\84251\desktop\c++\graphicscoursework\nclgl\x64\debug\mouse.obj
c:\users\84251\desktop\c++\graphicscoursework\nclgl\x64\debug\meshmaterial.obj
c:\users\84251\desktop\c++\graphicscoursework\nclgl\x64\debug\meshanimation.obj
c:\users\84251\desktop\c++\graphicscoursework\nclgl\x64\debug\mesh.obj
c:\users\84251\desktop\c++\graphicscoursework\nclgl\x64\debug\matrix4.obj
c:\users\84251\desktop\c++\graphicscoursework\nclgl\x64\debug\matrix3.obj
c:\users\84251\desktop\c++\graphicscoursework\nclgl\x64\debug\matrix2.obj
c:\users\84251\desktop\c++\graphicscoursework\nclgl\x64\debug\light.obj
c:\users\84251\desktop\c++\graphicscoursework\nclgl\x64\debug\keyboard.obj
c:\users\84251\desktop\c++\graphicscoursework\nclgl\x64\debug\heightmap.obj
c:\users\84251\desktop\c++\graphicscoursework\nclgl\x64\debug\geometrynode.obj
c:\users\84251\desktop\c++\graphicscoursework\nclgl\x64\debug\gametimer.obj
c:\users\84251\desktop\c++\graphicscoursework\nclgl\x64\debug\frustum.obj
c:\users\84251\desktop\c++\graphicscoursework\nclgl\x64\debug\computeshader.obj
c:\users\84251\desktop\c++\graphicscoursework\nclgl\x64\debug\camera.obj
c:\users\84251\desktop\c++\graphicscoursework\nclgl\x64\debug\window.obj
c:\users\84251\desktop\c++\graphicscoursework\nclgl\x64\debug\shader.obj
h:\desktop\graphicscoursework\graphicscoursework\x64\debug\nclgl.pdb
h:\desktop\graphicscoursework\graphicscoursework\nclgl\x64\debug\glad.obj
h:\desktop\graphicscoursework\graphicscoursework\x64\debug\nclgl.idb
h:\desktop\graphicscoursework\graphicscoursework\nclgl\x64\debug\scenenode.obj
h:\desktop\graphicscoursework\graphicscoursework\nclgl\x64\debug\quaternion.obj
h:\desktop\graphicscoursework\graphicscoursework\nclgl\x64\debug\plane.obj
h:\desktop\graphicscoursework\graphicscoursework\nclgl\x64\debug\oglrenderer.obj
h:\desktop\graphicscoursework\graphicscoursework\nclgl\x64\debug\objmesh.obj
h:\desktop\graphicscoursework\graphicscoursework\nclgl\x64\debug\mouse.obj
h:\desktop\graphicscoursework\graphicscoursework\nclgl\x64\debug\meshmaterial.obj
h:\desktop\graphicscoursework\graphicscoursework\nclgl\x64\debug\meshanimation.obj
h:\desktop\graphicscoursework\graphicscoursework\nclgl\x64\debug\mesh.obj
h:\desktop\graphicscoursework\graphicscoursework\nclgl\x64\debug\matrix4.obj
h:\desktop\graphicscoursework\graphicscoursework\nclgl\x64\debug\matrix3.obj
h:\desktop\graphicscoursework\graphicscoursework\nclgl\x64\debug\matrix2.obj
h:\desktop\graphicscoursework\graphicscoursework\nclgl\x64\debug\light.obj
h:\desktop\graphicscoursework\graphicscoursework\nclgl\x64\debug\keyboard.obj
h:\desktop\graphicscoursework\graphicscoursework\nclgl\x64\debug\heightmap.obj
h:\desktop\graphicscoursework\graphicscoursework\nclgl\x64\debug\geometrynode.obj
h:\desktop\graphicscoursework\graphicscoursework\nclgl\x64\debug\gametimer.obj
h:\desktop\graphicscoursework\graphicscoursework\nclgl\x64\debug\frustum.obj
h:\desktop\graphicscoursework\graphicscoursework\nclgl\x64\debug\computeshader.obj
h:\desktop\graphicscoursework\graphicscoursework\nclgl\x64\debug\camera.obj
h:\desktop\graphicscoursework\graphicscoursework\nclgl\x64\debug\window.obj
h:\desktop\graphicscoursework\graphicscoursework\nclgl\x64\debug\shader.obj
c:\users\84251\desktop\c++\graphicscoursework\x64\debug\nclgl.lib
h:\desktop\graphicscoursework\graphicscoursework\x64\debug\nclgl.lib
h:\desktop\graphicscoursework\graphicscoursework\nclgl\x64\debug\nclgl.tlog\cl.command.1.tlog
h:\desktop\graphicscoursework\graphicscoursework\nclgl\x64\debug\nclgl.tlog\cl.read.1.tlog
h:\desktop\graphicscoursework\graphicscoursework\nclgl\x64\debug\nclgl.tlog\cl.write.1.tlog
h:\desktop\graphicscoursework\graphicscoursework\nclgl\x64\debug\nclgl.tlog\lib-link.read.1.tlog
h:\desktop\graphicscoursework\graphicscoursework\nclgl\x64\debug\nclgl.tlog\lib-link.write.1.tlog
h:\desktop\graphicscoursework\graphicscoursework\nclgl\x64\debug\nclgl.tlog\lib.command.1.tlog
