h:\desktop\graphicscoursework\coursework\x64\debug\vc142.pdb
h:\desktop\graphicscoursework\coursework\x64\debug\vc142.idb
h:\desktop\graphicscoursework\coursework\x64\debug\urenderer.obj
h:\desktop\graphicscoursework\coursework\x64\debug\tree.obj
h:\desktop\graphicscoursework\coursework\x64\debug\solarsystem.obj
h:\desktop\graphicscoursework\coursework\x64\debug\rain.obj
h:\desktop\graphicscoursework\coursework\x64\debug\main.obj
h:\desktop\graphicscoursework\coursework\x64\debug\grenderer.obj
h:\desktop\graphicscoursework\x64\debug\graphicscoursework.exe
h:\desktop\graphicscoursework\coursework\x64\debug\graphicscoursework.ilk
h:\desktop\graphicscoursework\x64\debug\graphicscoursework.pdb
c:\users\84251\desktop\c++\graphicscoursework\coursework\x64\debug\grenderer.obj
c:\users\84251\desktop\c++\graphicscoursework\coursework\x64\debug\main.obj
c:\users\84251\desktop\c++\graphicscoursework\coursework\x64\debug\rain.obj
c:\users\84251\desktop\c++\graphicscoursework\coursework\x64\debug\renderer.obj
c:\users\84251\desktop\c++\graphicscoursework\coursework\x64\debug\scene.obj
c:\users\84251\desktop\c++\graphicscoursework\coursework\x64\debug\solarsystem.obj
c:\users\84251\desktop\c++\graphicscoursework\coursework\x64\debug\tree.obj
c:\users\84251\desktop\c++\graphicscoursework\coursework\x64\debug\urenderer.obj
c:\users\84251\desktop\c++\graphicscoursework\coursework\x64\debug\grenderer.obj.enc
c:\users\84251\desktop\c++\graphicscoursework\coursework\x64\debug\main.obj.enc
c:\users\84251\desktop\c++\graphicscoursework\coursework\x64\debug\graphicscoursework.ilk
c:\users\84251\desktop\c++\graphicscoursework\coursework\x64\debug\vc142.idb
c:\users\84251\desktop\c++\graphicscoursework\coursework\x64\debug\vc142.pdb
c:\users\84251\desktop\c++\graphicscoursework\x64\debug\graphicscoursework.pdb
c:\users\84251\desktop\c++\graphicscoursework\x64\debug\graphicscoursework.exe
c:\users\84251\desktop\c++\graphicscoursework\coursework\x64\debug\graphics.8274d442.tlog\cl.command.1.tlog
c:\users\84251\desktop\c++\graphicscoursework\coursework\x64\debug\graphics.8274d442.tlog\cl.read.1.tlog
c:\users\84251\desktop\c++\graphicscoursework\coursework\x64\debug\graphics.8274d442.tlog\cl.write.1.tlog
c:\users\84251\desktop\c++\graphicscoursework\coursework\x64\debug\graphics.8274d442.tlog\link.command.1.tlog
c:\users\84251\desktop\c++\graphicscoursework\coursework\x64\debug\graphics.8274d442.tlog\link.read.1.tlog
c:\users\84251\desktop\c++\graphicscoursework\coursework\x64\debug\graphics.8274d442.tlog\link.write.1.tlog
